<?xml version="1.0" encoding="UTF-8"?>
<testng-results skipped="0" failed="0" total="2" passed="2">
  <reporter-output>
  </reporter-output>
  <suite name="Default suite" duration-ms="1666" started-at="2016-04-29T12:29:49Z" finished-at="2016-04-29T12:29:51Z">
    <groups>
    </groups>
    <test name="Default test" duration-ms="1666" started-at="2016-04-29T12:29:49Z" finished-at="2016-04-29T12:29:51Z">
      <class name="test.ReadWebpage">
        <test-method status="PASS" signature="RobotFile()[pri:0, instance:test.ReadWebpage@2389c90f]" name="RobotFile" duration-ms="1386" started-at="2016-04-29T17:59:49Z" finished-at="2016-04-29T17:59:50Z">
          <reporter-output>
          </reporter-output>
        </test-method> <!-- RobotFile -->
        <test-method status="PASS" signature="SecureSite()[pri:0, instance:test.ReadWebpage@2389c90f]" name="SecureSite" duration-ms="257" started-at="2016-04-29T17:59:50Z" finished-at="2016-04-29T17:59:51Z">
          <reporter-output>
          </reporter-output>
        </test-method> <!-- SecureSite -->
      </class> <!-- test.ReadWebpage -->
    </test> <!-- Default test -->
  </suite> <!-- Default suite -->
</testng-results>
