<?xml version="1.0" encoding="UTF-8"?>
<!-- Generated by org.testng.reporters.JUnitXMLReporter -->
<testsuite name="test.ReadWebpage" tests="2" failures="1" timestamp="28 Apr 2016 08:39:21 GMT" time="1.458" errors="0">
  <testcase name="RobotFile" time="1.204" classname="test.ReadWebpage">
    <failure type="java.lang.AssertionError" message="Disallow is present in the file">
      <![CDATA[java.lang.AssertionError: Disallow is present in the file
	at test.ReadWebpage.RobotFile(Unknown Source)
... Removed 24 stack frames]]>
    </failure>
  </testcase> <!-- RobotFile -->
  <testcase name="SecureSite" time="0.245" classname="test.ReadWebpage"/>
</testsuite> <!-- test.ReadWebpage -->
