<?xml version="1.0" encoding="UTF-8"?>
<!-- Generated by org.testng.reporters.JUnitXMLReporter -->
<testsuite name="test.ReadWebpage" tests="1" failures="1" timestamp="29 Apr 2016 07:16:46 GMT" time="2.036" errors="0">
  <testcase name="RobotFile" time="2.025" classname="test.ReadWebpage">
    <failure type="java.lang.AssertionError" message="Robot File Read Test case failed">
      <![CDATA[java.lang.AssertionError: Robot File Read Test case failed
	at test.ReadWebpage.RobotFile(Unknown Source)
... Removed 24 stack frames]]>
    </failure>
  </testcase> <!-- RobotFile -->
</testsuite> <!-- test.ReadWebpage -->
